<?xml version="1.0" encoding="UTF-8"?>
<!-- Generated by org.testng.reporters.JUnitReportReporter -->
<testsuite hostname="Lenovo" failures="0" tests="1" name="register.RegisterAccountTest" time="52.158" errors="0" timestamp="2024-05-15T23:59:41 IST" skipped="0">
  <testcase classname="register.RegisterAccountTest" name="registerAccountWithoutProvidingFields" time="52.158"/>
</testsuite> <!-- register.RegisterAccountTest -->
