<?xml version="1.0" encoding="UTF-8"?>
<!-- Generated by org.testng.reporters.JUnitReportReporter -->
<testsuite hostname="Lenovo" failures="0" tests="1" name="search.SearchFunctionality" time="73.195" errors="0" timestamp="2024-06-06T15:52:40 IST" skipped="0">
  <testcase classname="search.SearchFunctionality" name="searchProductUsingSearchCriteriaField" time="73.195"/>
</testsuite> <!-- search.SearchFunctionality -->
