<?xml version="1.0" encoding="UTF-8"?>
<!-- Generated by org.testng.reporters.JUnitReportReporter -->
<testsuite hostname="Lenovo" failures="0" tests="8" name="login.LoginFunctionality" time="186.849" errors="0" timestamp="2024-06-05T10:28:59 IST" skipped="0">
  <testcase classname="login.LoginFunctionality" name="loginWithValidData" time="26.207"/>
  <testcase classname="login.LoginFunctionality" name="loginWithInvalidData" time="17.911"/>
  <testcase classname="login.LoginFunctionality" name="loginWithValidUserNameAndInvalidPwd" time="19.191"/>
  <testcase classname="login.LoginFunctionality" name="loginWithInvalidUserNameAndValidPwd" time="16.884"/>
  <testcase classname="login.LoginFunctionality" name="loginWithoutCredential" time="15.705"/>
  <testcase classname="login.LoginFunctionality" name="forgotPassword" time="11.347"/>
  <testcase classname="login.LoginFunctionality" name="loginKeyboardKeys" time="63.778"/>
  <testcase classname="login.LoginFunctionality" name="checkPlaceHoldersEmailAndPwd" time="15.826"/>
</testsuite> <!-- login.LoginFunctionality -->
