<?xml version="1.0" encoding="UTF-8"?>
<!-- Generated by org.testng.reporters.JUnitReportReporter -->
<testsuite hostname="Lenovo" failures="0" tests="3" name="logout.LogoutFunctionalality" time="90.040" errors="0" timestamp="2024-06-05T15:00:41 IST" skipped="0">
  <testcase classname="logout.LogoutFunctionalality" name="verifyLoggingOut" time="22.394"/>
  <testcase classname="logout.LogoutFunctionalality" name="logoutRightSideColomn" time="47.247"/>
  <testcase classname="logout.LogoutFunctionalality" name="checkLogoutOptionDisplay" time="20.399"/>
</testsuite> <!-- logout.LogoutFunctionalality -->
